Flow report for SistemaChocoIN
Mon Oct 10 17:30:23 2016
Quartus Prime Version 15.1.0 Build 185 10/21/2015 SJ Standard Edition


---------------------
; Table of Contents ;
---------------------
  1. Legal Notice
  2. Flow Summary
  3. Flow Settings
  4. Flow Non-Default Global Settings
  5. Flow Elapsed Time
  6. Flow OS Summary
  7. Flow Log
  8. Flow Messages
  9. Flow Suppressed Messages



----------------
; Legal Notice ;
----------------
Copyright (C) 1991-2015 Altera Corporation. All rights reserved.
Your use of Altera Corporation's design tools, logic functions 
and other software and tools, and its AMPP partner logic 
functions, and any output files from any of the foregoing 
(including device programming or simulation files), and any 
associated documentation or information are expressly subject 
to the terms and conditions of the Altera Program License 
Subscription Agreement, the Altera Quartus Prime License Agreement,
the Altera MegaCore Function License Agreement, or other 
applicable license agreement, including, without limitation, 
that your use is for the sole purpose of programming logic 
devices manufactured by Altera and sold by Altera or its 
authorized distributors.  Please refer to the applicable 
agreement for further details.



+--------------------------------------------------------------------------------------+
; Flow Summary                                                                         ;
+------------------------------------+-------------------------------------------------+
; Flow Status                        ; Successful - Mon Oct 10 17:30:23 2016           ;
; Quartus Prime Version              ; 15.1.0 Build 185 10/21/2015 SJ Standard Edition ;
; Revision Name                      ; SistemaChocoIN                                  ;
; Top-level Entity Name              ; SistemaChocoIN                                  ;
; Family                             ; MAX 10                                          ;
; Device                             ; 10M08SAE144C8GES                                ;
; Timing Models                      ; Final                                           ;
; Total logic elements               ; 316 / 8,064 ( 4 % )                             ;
;     Total combinational functions  ; 306 / 8,064 ( 4 % )                             ;
;     Dedicated logic registers      ; 117 / 8,064 ( 1 % )                             ;
; Total registers                    ; 117                                             ;
; Total pins                         ; 90 / 101 ( 89 % )                               ;
; Total virtual pins                 ; 0                                               ;
; Total memory bits                  ; 0 / 387,072 ( 0 % )                             ;
; Embedded Multiplier 9-bit elements ; 0 / 48 ( 0 % )                                  ;
; Total PLLs                         ; 0 / 1 ( 0 % )                                   ;
; UFM blocks                         ; 0 / 1 ( 0 % )                                   ;
; ADC blocks                         ; 0 / 1 ( 0 % )                                   ;
+------------------------------------+-------------------------------------------------+


+-----------------------------------------+
; Flow Settings                           ;
+-------------------+---------------------+
; Option            ; Setting             ;
+-------------------+---------------------+
; Start date & time ; 10/10/2016 17:26:35 ;
; Main task         ; Compilation         ;
; Revision Name     ; SistemaChocoIN      ;
+-------------------+---------------------+


+----------------------------------------------------------------------------------------------------------------------+
; Flow Non-Default Global Settings                                                                                     ;
+-------------------------------------+---------------------------------+---------------+-------------+----------------+
; Assignment Name                     ; Value                           ; Default Value ; Entity Name ; Section Id     ;
+-------------------------------------+---------------------------------+---------------+-------------+----------------+
; COMPILER_SIGNATURE_ID               ; 176831337782908.147613839504588 ; --            ; --          ; --             ;
; EDA_OUTPUT_DATA_FORMAT              ; Verilog Hdl                     ; --            ; --          ; eda_simulation ;
; EDA_SIMULATION_TOOL                 ; ModelSim-Altera (Verilog)       ; <None>        ; --          ; --             ;
; EDA_TIME_SCALE                      ; 1 ps                            ; --            ; --          ; eda_simulation ;
; MAX_CORE_JUNCTION_TEMP              ; 85                              ; --            ; --          ; --             ;
; MIN_CORE_JUNCTION_TEMP              ; 0                               ; --            ; --          ; --             ;
; PARTITION_COLOR                     ; 16764057                        ; --            ; --          ; Top            ;
; PARTITION_FITTER_PRESERVATION_LEVEL ; PLACEMENT_AND_ROUTING           ; --            ; --          ; Top            ;
; PARTITION_NETLIST_TYPE              ; SOURCE                          ; --            ; --          ; Top            ;
; PROJECT_OUTPUT_DIRECTORY            ; output_files                    ; --            ; --          ; --             ;
+-------------------------------------+---------------------------------+---------------+-------------+----------------+


+-------------------------------------------------------------------------------------------------------------------------------+
; Flow Elapsed Time                                                                                                             ;
+---------------------------+--------------+-------------------------+---------------------+------------------------------------+
; Module Name               ; Elapsed Time ; Average Processors Used ; Peak Virtual Memory ; Total CPU Time (on all processors) ;
+---------------------------+--------------+-------------------------+---------------------+------------------------------------+
; Analysis & Synthesis      ; 00:00:31     ; 1.0                     ; 861 MB              ; 00:00:24                           ;
; Fitter                    ; 00:00:30     ; 1.0                     ; 1716 MB             ; 00:00:11                           ;
; Assembler                 ; 00:00:35     ; 1.0                     ; 742 MB              ; 00:00:01                           ;
; PowerPlay Power Analyzer  ; 00:00:23     ; 1.0                     ; 906 MB              ; 00:00:03                           ;
; TimeQuest Timing Analyzer ; 00:00:24     ; 2.5                     ; 876 MB              ; 00:00:03                           ;
; EDA Netlist Writer        ; 00:00:21     ; 1.0                     ; 713 MB              ; 00:00:01                           ;
; EDA Netlist Writer        ; 00:00:21     ; 1.0                     ; 698 MB              ; 00:00:01                           ;
; EDA Netlist Writer        ; 00:00:21     ; 1.0                     ; 702 MB              ; 00:00:01                           ;
; Total                     ; 00:03:26     ; --                      ; --                  ; 00:00:45                           ;
+---------------------------+--------------+-------------------------+---------------------+------------------------------------+


+----------------------------------------------------------------------------------------+
; Flow OS Summary                                                                        ;
+---------------------------+------------------+-----------+------------+----------------+
; Module Name               ; Machine Hostname ; OS Name   ; OS Version ; Processor type ;
+---------------------------+------------------+-----------+------------+----------------+
; Analysis & Synthesis      ; 11A503E422171459 ; Windows 8 ; 6.2        ; x86_64         ;
; Fitter                    ; 11A503E422171459 ; Windows 8 ; 6.2        ; x86_64         ;
; Assembler                 ; 11A503E422171459 ; Windows 8 ; 6.2        ; x86_64         ;
; PowerPlay Power Analyzer  ; 11A503E422171459 ; Windows 8 ; 6.2        ; x86_64         ;
; TimeQuest Timing Analyzer ; 11A503E422171459 ; Windows 8 ; 6.2        ; x86_64         ;
; EDA Netlist Writer        ; 11A503E422171459 ; Windows 8 ; 6.2        ; x86_64         ;
; EDA Netlist Writer        ; 11A503E422171459 ; Windows 8 ; 6.2        ; x86_64         ;
; EDA Netlist Writer        ; 11A503E422171459 ; Windows 8 ; 6.2        ; x86_64         ;
+---------------------------+------------------+-----------+------------+----------------+


------------
; Flow Log ;
------------
quartus_map --read_settings_files=on --write_settings_files=off SistemaChocoIN -c SistemaChocoIN
quartus_fit --read_settings_files=off --write_settings_files=off SistemaChocoIN -c SistemaChocoIN
quartus_asm --read_settings_files=off --write_settings_files=off SistemaChocoIN -c SistemaChocoIN
quartus_pow --read_settings_files=off --write_settings_files=off SistemaChocoIN -c SistemaChocoIN
quartus_sta SistemaChocoIN -c SistemaChocoIN
quartus_eda --read_settings_files=off --write_settings_files=off SistemaChocoIN -c SistemaChocoIN
quartus_eda --gen_testbench --tool=modelsim_oem --format=verilog --write_settings_files=off SistemaChocoIN -c SistemaChocoIN --vector_source=C:/Users/estudiante/Documents/ChocolatesQuesoFinal/SistemaChocoIN/Waveform.vwf --testbench_file=C:/Users/estudiante/Documents/ChocolatesQuesoFinal/SistemaChocoIN/simulation/qsim/Waveform.vwf.vt
quartus_eda --write_settings_files=off --functional=on --flatten_buses=off --simulation=on --tool=modelsim_oem --format=verilog --output_directory=C:/Users/estudiante/Documents/ChocolatesQuesoFinal/SistemaChocoIN/simulation/qsim/ SistemaChocoIN -c SistemaChocoIN



