Analysis & Synthesis report for SistemaChocoIN
Mon Oct 10 17:26:46 2016
Quartus Prime Version 15.1.0 Build 185 10/21/2015 SJ Standard Edition


---------------------
; Table of Contents ;
---------------------
  1. Legal Notice
  2. Analysis & Synthesis Summary
  3. Analysis & Synthesis Settings
  4. Parallel Compilation
  5. Analysis & Synthesis Source Files Read
  6. Analysis & Synthesis Resource Usage Summary
  7. Analysis & Synthesis Resource Utilization by Entity
  8. General Register Statistics
  9. Inverted Register Statistics
 10. Port Connectivity Checks: "SistemaChocolate:SistemChocolate|SistemaCentral:Central|Selec_Bits:SeleccionadorBits|Mux4_1:Mux4"
 11. Port Connectivity Checks: "SistemaChocolate:SistemChocolate|SistemaCentral:Central|Selec_Bits:SeleccionadorBits|Mux4_1:Mux3"
 12. Port Connectivity Checks: "SistemaChocolate:SistemChocolate|SistemaCentral:Central|Selec_Bits:SeleccionadorBits|Mux4_1:Mux2"
 13. Port Connectivity Checks: "SistemaChocolate:SistemChocolate|SistemaCentral:Central|Selec_Bits:SeleccionadorBits|Mux4_1:Mux1"
 14. Port Connectivity Checks: "Registro:Senso2"
 15. Port Connectivity Checks: "Registro:Senso1"
 16. Post-Synthesis Netlist Statistics for Top Partition
 17. Elapsed Time Per Partition
 18. Analysis & Synthesis Messages



----------------
; Legal Notice ;
----------------
Copyright (C) 1991-2015 Altera Corporation. All rights reserved.
Your use of Altera Corporation's design tools, logic functions 
and other software and tools, and its AMPP partner logic 
functions, and any output files from any of the foregoing 
(including device programming or simulation files), and any 
associated documentation or information are expressly subject 
to the terms and conditions of the Altera Program License 
Subscription Agreement, the Altera Quartus Prime License Agreement,
the Altera MegaCore Function License Agreement, or other 
applicable license agreement, including, without limitation, 
that your use is for the sole purpose of programming logic 
devices manufactured by Altera and sold by Altera or its 
authorized distributors.  Please refer to the applicable 
agreement for further details.



+--------------------------------------------------------------------------------------+
; Analysis & Synthesis Summary                                                         ;
+------------------------------------+-------------------------------------------------+
; Analysis & Synthesis Status        ; Successful - Mon Oct 10 17:26:46 2016           ;
; Quartus Prime Version              ; 15.1.0 Build 185 10/21/2015 SJ Standard Edition ;
; Revision Name                      ; SistemaChocoIN                                  ;
; Top-level Entity Name              ; SistemaChocoIN                                  ;
; Family                             ; MAX 10                                          ;
; Total logic elements               ; 311                                             ;
;     Total combinational functions  ; 304                                             ;
;     Dedicated logic registers      ; 117                                             ;
; Total registers                    ; 117                                             ;
; Total pins                         ; 90                                              ;
; Total virtual pins                 ; 0                                               ;
; Total memory bits                  ; 0                                               ;
; Embedded Multiplier 9-bit elements ; 0                                               ;
; Total PLLs                         ; 0                                               ;
; UFM blocks                         ; 0                                               ;
; ADC blocks                         ; 0                                               ;
+------------------------------------+-------------------------------------------------+


+----------------------------------------------------------------------------------------------------------------------+
; Analysis & Synthesis Settings                                                                                        ;
+----------------------------------------------------------------------------+--------------------+--------------------+
; Option                                                                     ; Setting            ; Default Value      ;
+----------------------------------------------------------------------------+--------------------+--------------------+
; Device                                                                     ; 10M08SAE144C8GES   ;                    ;
; Top-level entity name                                                      ; SistemaChocoIN     ; SistemaChocoIN     ;
; Family name                                                                ; MAX 10             ; Cyclone V          ;
; Use smart compilation                                                      ; Off                ; Off                ;
; Enable parallel Assembler and TimeQuest Timing Analyzer during compilation ; On                 ; On                 ;
; Enable compact report table                                                ; Off                ; Off                ;
; Restructure Multiplexers                                                   ; Auto               ; Auto               ;
; Create Debugging Nodes for IP Cores                                        ; Off                ; Off                ;
; Preserve fewer node names                                                  ; On                 ; On                 ;
; Disable OpenCore Plus hardware evaluation                                  ; Off                ; Off                ;
; Verilog Version                                                            ; Verilog_2001       ; Verilog_2001       ;
; VHDL Version                                                               ; VHDL_1993          ; VHDL_1993          ;
; State Machine Processing                                                   ; Auto               ; Auto               ;
; Safe State Machine                                                         ; Off                ; Off                ;
; Extract Verilog State Machines                                             ; On                 ; On                 ;
; Extract VHDL State Machines                                                ; On                 ; On                 ;
; Ignore Verilog initial constructs                                          ; Off                ; Off                ;
; Iteration limit for constant Verilog loops                                 ; 5000               ; 5000               ;
; Iteration limit for non-constant Verilog loops                             ; 250                ; 250                ;
; Add Pass-Through Logic to Inferred RAMs                                    ; On                 ; On                 ;
; Infer RAMs from Raw Logic                                                  ; On                 ; On                 ;
; Parallel Synthesis                                                         ; On                 ; On                 ;
; DSP Block Balancing                                                        ; Auto               ; Auto               ;
; NOT Gate Push-Back                                                         ; On                 ; On                 ;
; Power-Up Don't Care                                                        ; On                 ; On                 ;
; Remove Redundant Logic Cells                                               ; Off                ; Off                ;
; Remove Duplicate Registers                                                 ; On                 ; On                 ;
; Ignore CARRY Buffers                                                       ; Off                ; Off                ;
; Ignore CASCADE Buffers                                                     ; Off                ; Off                ;
; Ignore GLOBAL Buffers                                                      ; Off                ; Off                ;
; Ignore ROW GLOBAL Buffers                                                  ; Off                ; Off                ;
; Ignore LCELL Buffers                                                       ; Off                ; Off                ;
; Ignore SOFT Buffers                                                        ; On                 ; On                 ;
; Limit AHDL Integers to 32 Bits                                             ; Off                ; Off                ;
; Optimization Technique                                                     ; Balanced           ; Balanced           ;
; Carry Chain Length                                                         ; 70                 ; 70                 ;
; Auto Carry Chains                                                          ; On                 ; On                 ;
; Auto Open-Drain Pins                                                       ; On                 ; On                 ;
; Perform WYSIWYG Primitive Resynthesis                                      ; Off                ; Off                ;
; Auto ROM Replacement                                                       ; On                 ; On                 ;
; Auto RAM Replacement                                                       ; On                 ; On                 ;
; Auto DSP Block Replacement                                                 ; On                 ; On                 ;
; Auto Shift Register Replacement                                            ; Auto               ; Auto               ;
; Allow Shift Register Merging across Hierarchies                            ; Auto               ; Auto               ;
; Auto Clock Enable Replacement                                              ; On                 ; On                 ;
; Strict RAM Replacement                                                     ; Off                ; Off                ;
; Allow Synchronous Control Signals                                          ; On                 ; On                 ;
; Force Use of Synchronous Clear Signals                                     ; Off                ; Off                ;
; Auto RAM Block Balancing                                                   ; On                 ; On                 ;
; Auto RAM to Logic Cell Conversion                                          ; Off                ; Off                ;
; Auto Resource Sharing                                                      ; Off                ; Off                ;
; Allow Any RAM Size For Recognition                                         ; Off                ; Off                ;
; Allow Any ROM Size For Recognition                                         ; Off                ; Off                ;
; Allow Any Shift Register Size For Recognition                              ; Off                ; Off                ;
; Use LogicLock Constraints during Resource Balancing                        ; On                 ; On                 ;
; Ignore translate_off and synthesis_off directives                          ; Off                ; Off                ;
; Timing-Driven Synthesis                                                    ; On                 ; On                 ;
; Report Parameter Settings                                                  ; On                 ; On                 ;
; Report Source Assignments                                                  ; On                 ; On                 ;
; Report Connectivity Checks                                                 ; On                 ; On                 ;
; Ignore Maximum Fan-Out Assignments                                         ; Off                ; Off                ;
; Synchronization Register Chain Length                                      ; 2                  ; 2                  ;
; PowerPlay Power Optimization During Synthesis                              ; Normal compilation ; Normal compilation ;
; HDL message level                                                          ; Level2             ; Level2             ;
; Suppress Register Optimization Related Messages                            ; Off                ; Off                ;
; Number of Removed Registers Reported in Synthesis Report                   ; 5000               ; 5000               ;
; Number of Swept Nodes Reported in Synthesis Report                         ; 5000               ; 5000               ;
; Number of Inverted Registers Reported in Synthesis Report                  ; 100                ; 100                ;
; Clock MUX Protection                                                       ; On                 ; On                 ;
; Auto Gated Clock Conversion                                                ; Off                ; Off                ;
; Block Design Naming                                                        ; Auto               ; Auto               ;
; SDC constraint protection                                                  ; Off                ; Off                ;
; Synthesis Effort                                                           ; Auto               ; Auto               ;
; Shift Register Replacement - Allow Asynchronous Clear Signal               ; On                 ; On                 ;
; Pre-Mapping Resynthesis Optimization                                       ; Off                ; Off                ;
; Analysis & Synthesis Message Level                                         ; Medium             ; Medium             ;
; Disable Register Merging Across Hierarchies                                ; Auto               ; Auto               ;
; Resource Aware Inference For Block RAM                                     ; On                 ; On                 ;
; Synthesis Seed                                                             ; 1                  ; 1                  ;
+----------------------------------------------------------------------------+--------------------+--------------------+


+------------------------------------------+
; Parallel Compilation                     ;
+----------------------------+-------------+
; Processors                 ; Number      ;
+----------------------------+-------------+
; Number detected on machine ; 8           ;
; Maximum allowed            ; 4           ;
;                            ;             ;
; Average used               ; 1.00        ;
; Maximum used               ; 4           ;
;                            ;             ;
; Usage by Processor         ; % Time Used ;
;     Processor 1            ; 100.0%      ;
;     Processors 2-4         ; < 0.1%      ;
+----------------------------+-------------+


+-------------------------------------------------------------------------------------------------------------------------------------------------------------------------------+
; Analysis & Synthesis Source Files Read                                                                                                                                        ;
+----------------------------------+-----------------+-----------------------+----------------------------------------------------------------------------------------+---------+
; File Name with User-Entered Path ; Used in Netlist ; File Type             ; File Name with Absolute Path                                                           ; Library ;
+----------------------------------+-----------------+-----------------------+----------------------------------------------------------------------------------------+---------+
; SistemaChocoIN.vhd               ; yes             ; User VHDL File        ; C:/Users/estudiante/Documents/ChocolatesQuesoFinal/SistemaChocoIN/SistemaChocoIN.vhd   ;         ;
; registro.vhd                     ; yes             ; Auto-Found VHDL File  ; C:/Users/estudiante/Documents/ChocolatesQuesoFinal/SistemaChocoIN/registro.vhd         ;         ;
; sistemachocolate.vhd             ; yes             ; Auto-Found VHDL File  ; C:/Users/estudiante/Documents/ChocolatesQuesoFinal/SistemaChocoIN/sistemachocolate.vhd ;         ;
; sistemacentral.vhd               ; yes             ; Auto-Found VHDL File  ; C:/Users/estudiante/Documents/ChocolatesQuesoFinal/SistemaChocoIN/sistemacentral.vhd   ;         ;
; controlsc.vhd                    ; yes             ; Auto-Found VHDL File  ; C:/Users/estudiante/Documents/ChocolatesQuesoFinal/SistemaChocoIN/controlsc.vhd        ;         ;
; sumador12.vhd                    ; yes             ; Auto-Found VHDL File  ; C:/Users/estudiante/Documents/ChocolatesQuesoFinal/SistemaChocoIN/sumador12.vhd        ;         ;
; selec_nums.vhd                   ; yes             ; Auto-Found VHDL File  ; C:/Users/estudiante/Documents/ChocolatesQuesoFinal/SistemaChocoIN/selec_nums.vhd       ;         ;
; mux6_1.vhd                       ; yes             ; Auto-Found VHDL File  ; C:/Users/estudiante/Documents/ChocolatesQuesoFinal/SistemaChocoIN/mux6_1.vhd           ;         ;
; selec_bits.vhd                   ; yes             ; Auto-Found VHDL File  ; C:/Users/estudiante/Documents/ChocolatesQuesoFinal/SistemaChocoIN/selec_bits.vhd       ;         ;
; mux4_1.vhd                       ; yes             ; Auto-Found VHDL File  ; C:/Users/estudiante/Documents/ChocolatesQuesoFinal/SistemaChocoIN/mux4_1.vhd           ;         ;
; contanillo3.vhd                  ; yes             ; Auto-Found VHDL File  ; C:/Users/estudiante/Documents/ChocolatesQuesoFinal/SistemaChocoIN/contanillo3.vhd      ;         ;
; binario_7seg.vhd                 ; yes             ; Auto-Found VHDL File  ; C:/Users/estudiante/Documents/ChocolatesQuesoFinal/SistemaChocoIN/binario_7seg.vhd     ;         ;
; registrotres.vhd                 ; yes             ; Auto-Found VHDL File  ; C:/Users/estudiante/Documents/ChocolatesQuesoFinal/SistemaChocoIN/registrotres.vhd     ;         ;
; sistemabrazo.vhd                 ; yes             ; Auto-Found VHDL File  ; C:/Users/estudiante/Documents/ChocolatesQuesoFinal/SistemaChocoIN/sistemabrazo.vhd     ;         ;
; controlbrazo.vhd                 ; yes             ; Auto-Found VHDL File  ; C:/Users/estudiante/Documents/ChocolatesQuesoFinal/SistemaChocoIN/controlbrazo.vhd     ;         ;
; cont5.vhd                        ; yes             ; Auto-Found VHDL File  ; C:/Users/estudiante/Documents/ChocolatesQuesoFinal/SistemaChocoIN/cont5.vhd            ;         ;
; contadortg.vhd                   ; yes             ; Auto-Found VHDL File  ; C:/Users/estudiante/Documents/ChocolatesQuesoFinal/SistemaChocoIN/contadortg.vhd       ;         ;
; contadortm.vhd                   ; yes             ; Auto-Found VHDL File  ; C:/Users/estudiante/Documents/ChocolatesQuesoFinal/SistemaChocoIN/contadortm.vhd       ;         ;
; contadortp.vhd                   ; yes             ; Auto-Found VHDL File  ; C:/Users/estudiante/Documents/ChocolatesQuesoFinal/SistemaChocoIN/contadortp.vhd       ;         ;
; registro12p.vhd                  ; yes             ; Auto-Found VHDL File  ; C:/Users/estudiante/Documents/ChocolatesQuesoFinal/SistemaChocoIN/registro12p.vhd      ;         ;
; entradaserial.vhd                ; yes             ; Auto-Found VHDL File  ; C:/Users/estudiante/Documents/ChocolatesQuesoFinal/SistemaChocoIN/entradaserial.vhd    ;         ;
+----------------------------------+-----------------+-----------------------+----------------------------------------------------------------------------------------+---------+


+---------------------------------------------------------+
; Analysis & Synthesis Resource Usage Summary             ;
+---------------------------------------------+-----------+
; Resource                                    ; Usage     ;
+---------------------------------------------+-----------+
; Estimated Total logic elements              ; 311       ;
;                                             ;           ;
; Total combinational functions               ; 304       ;
; Logic element usage by number of LUT inputs ;           ;
;     -- 4 input functions                    ; 157       ;
;     -- 3 input functions                    ; 60        ;
;     -- <=2 input functions                  ; 87        ;
;                                             ;           ;
; Logic elements by mode                      ;           ;
;     -- normal mode                          ; 304       ;
;     -- arithmetic mode                      ; 0         ;
;                                             ;           ;
; Total registers                             ; 117       ;
;     -- Dedicated logic registers            ; 117       ;
;     -- I/O registers                        ; 0         ;
;                                             ;           ;
; I/O pins                                    ; 90        ;
;                                             ;           ;
; Embedded Multiplier 9-bit elements          ; 0         ;
;                                             ;           ;
; Maximum fan-out node                        ; CLK~input ;
; Maximum fan-out                             ; 118       ;
; Total fan-out                               ; 1510      ;
; Average fan-out                             ; 2.51      ;
+---------------------------------------------+-----------+


+-----------------------------------------------------------------------------------------------------------------------------------------------------------------------------------------------------------------------------------------------------------------------------------------------------------------------+
; Analysis & Synthesis Resource Utilization by Entity                                                                                                                                                                                                                                                                   ;
+-----------------------------------------------+-------------------+--------------+-------------+------------+--------------+---------+-----------+------+--------------+------------+------------------------------------------------------------------------------------------------------------------+--------------+
; Compilation Hierarchy Node                    ; LC Combinationals ; LC Registers ; Memory Bits ; UFM Blocks ; DSP Elements ; DSP 9x9 ; DSP 18x18 ; Pins ; Virtual Pins ; ADC blocks ; Full Hierarchy Name                                                                                              ; Library Name ;
+-----------------------------------------------+-------------------+--------------+-------------+------------+--------------+---------+-----------+------+--------------+------------+------------------------------------------------------------------------------------------------------------------+--------------+
; |SistemaChocoIN                               ; 304 (2)           ; 117 (0)      ; 0           ; 0          ; 0            ; 0       ; 0         ; 90   ; 0            ; 0          ; |SistemaChocoIN                                                                                                  ; work         ;
;    |EntradaSerial:EntradaPrecio|              ; 2 (2)             ; 3 (3)        ; 0           ; 0          ; 0            ; 0       ; 0         ; 0    ; 0            ; 0          ; |SistemaChocoIN|EntradaSerial:EntradaPrecio                                                                      ; work         ;
;    |Registro:Senso1|                          ; 0 (0)             ; 1 (1)        ; 0           ; 0          ; 0            ; 0       ; 0         ; 0    ; 0            ; 0          ; |SistemaChocoIN|Registro:Senso1                                                                                  ; work         ;
;    |Registro:Senso2|                          ; 0 (0)             ; 1 (1)        ; 0           ; 0          ; 0            ; 0       ; 0         ; 0    ; 0            ; 0          ; |SistemaChocoIN|Registro:Senso2                                                                                  ; work         ;
;    |SistemaChocolate:SistemChocolate|         ; 300 (0)           ; 112 (0)      ; 0           ; 0          ; 0            ; 0       ; 0         ; 0    ; 0            ; 0          ; |SistemaChocoIN|SistemaChocolate:SistemChocolate                                                                 ; work         ;
;       |SistemaBrazo:Brazo1|                   ; 97 (1)            ; 47 (0)       ; 0           ; 0          ; 0            ; 0       ; 0         ; 0    ; 0            ; 0          ; |SistemaChocoIN|SistemaChocolate:SistemChocolate|SistemaBrazo:Brazo1                                             ; work         ;
;          |Cont5:ContadorCantidad|             ; 13 (13)           ; 6 (6)        ; 0           ; 0          ; 0            ; 0       ; 0         ; 0    ; 0            ; 0          ; |SistemaChocoIN|SistemaChocolate:SistemChocolate|SistemaBrazo:Brazo1|Cont5:ContadorCantidad                      ; work         ;
;          |ContadorTG:ContadorGrande|          ; 12 (12)           ; 5 (5)        ; 0           ; 0          ; 0            ; 0       ; 0         ; 0    ; 0            ; 0          ; |SistemaChocoIN|SistemaChocolate:SistemChocolate|SistemaBrazo:Brazo1|ContadorTG:ContadorGrande                   ; work         ;
;          |ContadorTM:ContadorMediano|         ; 12 (12)           ; 5 (5)        ; 0           ; 0          ; 0            ; 0       ; 0         ; 0    ; 0            ; 0          ; |SistemaChocoIN|SistemaChocolate:SistemChocolate|SistemaBrazo:Brazo1|ContadorTM:ContadorMediano                  ; work         ;
;          |ContadorTP:ContadorPequeno|         ; 12 (12)           ; 5 (5)        ; 0           ; 0          ; 0            ; 0       ; 0         ; 0    ; 0            ; 0          ; |SistemaChocoIN|SistemaChocolate:SistemChocolate|SistemaBrazo:Brazo1|ContadorTP:ContadorPequeno                  ; work         ;
;          |ControlBrazo:ControlTotal|          ; 30 (30)           ; 14 (14)      ; 0           ; 0          ; 0            ; 0       ; 0         ; 0    ; 0            ; 0          ; |SistemaChocoIN|SistemaChocolate:SistemChocolate|SistemaBrazo:Brazo1|ControlBrazo:ControlTotal                   ; work         ;
;          |Registro12P:RegistroGanancias|      ; 0 (0)             ; 12 (12)      ; 0           ; 0          ; 0            ; 0       ; 0         ; 0    ; 0            ; 0          ; |SistemaChocoIN|SistemaChocolate:SistemChocolate|SistemaBrazo:Brazo1|Registro12P:RegistroGanancias               ; work         ;
;          |Sumador12:Sumador|                  ; 17 (17)           ; 0 (0)        ; 0           ; 0          ; 0            ; 0       ; 0         ; 0    ; 0            ; 0          ; |SistemaChocoIN|SistemaChocolate:SistemChocolate|SistemaBrazo:Brazo1|Sumador12:Sumador                           ; work         ;
;       |SistemaBrazo:Brazo2|                   ; 96 (1)            ; 47 (0)       ; 0           ; 0          ; 0            ; 0       ; 0         ; 0    ; 0            ; 0          ; |SistemaChocoIN|SistemaChocolate:SistemChocolate|SistemaBrazo:Brazo2                                             ; work         ;
;          |Cont5:ContadorCantidad|             ; 13 (13)           ; 6 (6)        ; 0           ; 0          ; 0            ; 0       ; 0         ; 0    ; 0            ; 0          ; |SistemaChocoIN|SistemaChocolate:SistemChocolate|SistemaBrazo:Brazo2|Cont5:ContadorCantidad                      ; work         ;
;          |ContadorTG:ContadorGrande|          ; 12 (12)           ; 5 (5)        ; 0           ; 0          ; 0            ; 0       ; 0         ; 0    ; 0            ; 0          ; |SistemaChocoIN|SistemaChocolate:SistemChocolate|SistemaBrazo:Brazo2|ContadorTG:ContadorGrande                   ; work         ;
;          |ContadorTM:ContadorMediano|         ; 12 (12)           ; 5 (5)        ; 0           ; 0          ; 0            ; 0       ; 0         ; 0    ; 0            ; 0          ; |SistemaChocoIN|SistemaChocolate:SistemChocolate|SistemaBrazo:Brazo2|ContadorTM:ContadorMediano                  ; work         ;
;          |ContadorTP:ContadorPequeno|         ; 12 (12)           ; 5 (5)        ; 0           ; 0          ; 0            ; 0       ; 0         ; 0    ; 0            ; 0          ; |SistemaChocoIN|SistemaChocolate:SistemChocolate|SistemaBrazo:Brazo2|ContadorTP:ContadorPequeno                  ; work         ;
;          |ControlBrazo:ControlTotal|          ; 30 (30)           ; 14 (14)      ; 0           ; 0          ; 0            ; 0       ; 0         ; 0    ; 0            ; 0          ; |SistemaChocoIN|SistemaChocolate:SistemChocolate|SistemaBrazo:Brazo2|ControlBrazo:ControlTotal                   ; work         ;
;          |Registro12P:RegistroGanancias|      ; 0 (0)             ; 12 (12)      ; 0           ; 0          ; 0            ; 0       ; 0         ; 0    ; 0            ; 0          ; |SistemaChocoIN|SistemaChocolate:SistemChocolate|SistemaBrazo:Brazo2|Registro12P:RegistroGanancias               ; work         ;
;          |Sumador12:Sumador|                  ; 16 (16)           ; 0 (0)        ; 0           ; 0          ; 0            ; 0       ; 0         ; 0    ; 0            ; 0          ; |SistemaChocoIN|SistemaChocolate:SistemChocolate|SistemaBrazo:Brazo2|Sumador12:Sumador                           ; work         ;
;       |SistemaCentral:Central|                ; 107 (0)           ; 18 (0)       ; 0           ; 0          ; 0            ; 0       ; 0         ; 0    ; 0            ; 0          ; |SistemaChocoIN|SistemaChocolate:SistemChocolate|SistemaCentral:Central                                          ; work         ;
;          |Binario_7Seg:BinarioSieteSegmentos| ; 7 (7)             ; 0 (0)        ; 0           ; 0          ; 0            ; 0       ; 0         ; 0    ; 0            ; 0          ; |SistemaChocoIN|SistemaChocolate:SistemChocolate|SistemaCentral:Central|Binario_7Seg:BinarioSieteSegmentos       ; work         ;
;          |ContAnillo3:ContadorCambio|         ; 2 (2)             ; 3 (3)        ; 0           ; 0          ; 0            ; 0       ; 0         ; 0    ; 0            ; 0          ; |SistemaChocoIN|SistemaChocolate:SistemChocolate|SistemaCentral:Central|ContAnillo3:ContadorCambio               ; work         ;
;          |ControlSC:Control|                  ; 13 (13)           ; 10 (10)      ; 0           ; 0          ; 0            ; 0       ; 0         ; 0    ; 0            ; 0          ; |SistemaChocoIN|SistemaChocolate:SistemChocolate|SistemaCentral:Central|ControlSC:Control                        ; work         ;
;          |Registro:RegistroHabilita1|         ; 0 (0)             ; 1 (1)        ; 0           ; 0          ; 0            ; 0       ; 0         ; 0    ; 0            ; 0          ; |SistemaChocoIN|SistemaChocolate:SistemChocolate|SistemaCentral:Central|Registro:RegistroHabilita1               ; work         ;
;          |Registro:RegistroHabilita2|         ; 0 (0)             ; 1 (1)        ; 0           ; 0          ; 0            ; 0       ; 0         ; 0    ; 0            ; 0          ; |SistemaChocoIN|SistemaChocolate:SistemChocolate|SistemaCentral:Central|Registro:RegistroHabilita2               ; work         ;
;          |RegistroTres:RegistroChocolate|     ; 1 (1)             ; 3 (3)        ; 0           ; 0          ; 0            ; 0       ; 0         ; 0    ; 0            ; 0          ; |SistemaChocoIN|SistemaChocolate:SistemChocolate|SistemaCentral:Central|RegistroTres:RegistroChocolate           ; work         ;
;          |Selec_Bits:SeleccionadorBits|       ; 36 (0)            ; 0 (0)        ; 0           ; 0          ; 0            ; 0       ; 0         ; 0    ; 0            ; 0          ; |SistemaChocoIN|SistemaChocolate:SistemChocolate|SistemaCentral:Central|Selec_Bits:SeleccionadorBits             ; work         ;
;             |Mux4_1:Mux1|                     ; 5 (5)             ; 0 (0)        ; 0           ; 0          ; 0            ; 0       ; 0         ; 0    ; 0            ; 0          ; |SistemaChocoIN|SistemaChocolate:SistemChocolate|SistemaCentral:Central|Selec_Bits:SeleccionadorBits|Mux4_1:Mux1 ; work         ;
;             |Mux4_1:Mux2|                     ; 8 (8)             ; 0 (0)        ; 0           ; 0          ; 0            ; 0       ; 0         ; 0    ; 0            ; 0          ; |SistemaChocoIN|SistemaChocolate:SistemChocolate|SistemaCentral:Central|Selec_Bits:SeleccionadorBits|Mux4_1:Mux2 ; work         ;
;             |Mux4_1:Mux3|                     ; 14 (14)           ; 0 (0)        ; 0           ; 0          ; 0            ; 0       ; 0         ; 0    ; 0            ; 0          ; |SistemaChocoIN|SistemaChocolate:SistemChocolate|SistemaCentral:Central|Selec_Bits:SeleccionadorBits|Mux4_1:Mux3 ; work         ;
;             |Mux4_1:Mux4|                     ; 9 (9)             ; 0 (0)        ; 0           ; 0          ; 0            ; 0       ; 0         ; 0    ; 0            ; 0          ; |SistemaChocoIN|SistemaChocolate:SistemChocolate|SistemaCentral:Central|Selec_Bits:SeleccionadorBits|Mux4_1:Mux4 ; work         ;
;          |Selec_Nums:SeleccionNumeros|        ; 25 (0)            ; 0 (0)        ; 0           ; 0          ; 0            ; 0       ; 0         ; 0    ; 0            ; 0          ; |SistemaChocoIN|SistemaChocolate:SistemChocolate|SistemaCentral:Central|Selec_Nums:SeleccionNumeros              ; work         ;
;             |Mux6_1:Mux1|                     ; 4 (4)             ; 0 (0)        ; 0           ; 0          ; 0            ; 0       ; 0         ; 0    ; 0            ; 0          ; |SistemaChocoIN|SistemaChocolate:SistemChocolate|SistemaCentral:Central|Selec_Nums:SeleccionNumeros|Mux6_1:Mux1  ; work         ;
;             |Mux6_1:Mux2|                     ; 4 (4)             ; 0 (0)        ; 0           ; 0          ; 0            ; 0       ; 0         ; 0    ; 0            ; 0          ; |SistemaChocoIN|SistemaChocolate:SistemChocolate|SistemaCentral:Central|Selec_Nums:SeleccionNumeros|Mux6_1:Mux2  ; work         ;
;             |Mux6_1:Mux3|                     ; 4 (4)             ; 0 (0)        ; 0           ; 0          ; 0            ; 0       ; 0         ; 0    ; 0            ; 0          ; |SistemaChocoIN|SistemaChocolate:SistemChocolate|SistemaCentral:Central|Selec_Nums:SeleccionNumeros|Mux6_1:Mux3  ; work         ;
;             |Mux6_1:Mux4|                     ; 4 (4)             ; 0 (0)        ; 0           ; 0          ; 0            ; 0       ; 0         ; 0    ; 0            ; 0          ; |SistemaChocoIN|SistemaChocolate:SistemChocolate|SistemaCentral:Central|Selec_Nums:SeleccionNumeros|Mux6_1:Mux4  ; work         ;
;             |Mux6_1:Mux5|                     ; 5 (5)             ; 0 (0)        ; 0           ; 0          ; 0            ; 0       ; 0         ; 0    ; 0            ; 0          ; |SistemaChocoIN|SistemaChocolate:SistemChocolate|SistemaCentral:Central|Selec_Nums:SeleccionNumeros|Mux6_1:Mux5  ; work         ;
;             |Mux6_1:Mux6|                     ; 4 (4)             ; 0 (0)        ; 0           ; 0          ; 0            ; 0       ; 0         ; 0    ; 0            ; 0          ; |SistemaChocoIN|SistemaChocolate:SistemChocolate|SistemaCentral:Central|Selec_Nums:SeleccionNumeros|Mux6_1:Mux6  ; work         ;
;          |Sumador12:SumadorCantidades|        ; 9 (9)             ; 0 (0)        ; 0           ; 0          ; 0            ; 0       ; 0         ; 0    ; 0            ; 0          ; |SistemaChocoIN|SistemaChocolate:SistemChocolate|SistemaCentral:Central|Sumador12:SumadorCantidades              ; work         ;
;          |Sumador12:SumadorGanancias|         ; 14 (14)           ; 0 (0)        ; 0           ; 0          ; 0            ; 0       ; 0         ; 0    ; 0            ; 0          ; |SistemaChocoIN|SistemaChocolate:SistemChocolate|SistemaCentral:Central|Sumador12:SumadorGanancias               ; work         ;
+-----------------------------------------------+-------------------+--------------+-------------+------------+--------------+---------+-----------+------+--------------+------------+------------------------------------------------------------------------------------------------------------------+--------------+
Note: For table entries with two numbers listed, the numbers in parentheses indicate the number of resources of the given type used by the specific entity alone. The numbers listed outside of parentheses indicate the total resources of the given type used by the specific entity and all of its sub-entities in the hierarchy.


+------------------------------------------------------+
; General Register Statistics                          ;
+----------------------------------------------+-------+
; Statistic                                    ; Value ;
+----------------------------------------------+-------+
; Total registers                              ; 117   ;
; Number of registers using Synchronous Clear  ; 0     ;
; Number of registers using Synchronous Load   ; 0     ;
; Number of registers using Asynchronous Clear ; 117   ;
; Number of registers using Asynchronous Load  ; 0     ;
; Number of registers using Clock Enable       ; 74    ;
; Number of registers using Preset             ; 0     ;
+----------------------------------------------+-------+


+-------------------------------------------------------------------------------------------------+
; Inverted Register Statistics                                                                    ;
+---------------------------------------------------------------------------------------+---------+
; Inverted Register                                                                     ; Fan out ;
+---------------------------------------------------------------------------------------+---------+
; SistemaChocolate:SistemChocolate|SistemaCentral:Central|ContAnillo3:ContadorCambio|F0 ; 5       ;
; SistemaChocolate:SistemChocolate|SistemaCentral:Central|ControlSC:Control|F1          ; 3       ;
; SistemaChocolate:SistemChocolate|SistemaBrazo:Brazo1|ControlBrazo:ControlTotal|F1     ; 3       ;
; SistemaChocolate:SistemChocolate|SistemaBrazo:Brazo2|ControlBrazo:ControlTotal|F1     ; 3       ;
; EntradaSerial:EntradaPrecio|inicio[2]                                                 ; 2       ;
; EntradaSerial:EntradaPrecio|inicio[0]                                                 ; 1       ;
; Total number of inverted registers = 6                                                ;         ;
+---------------------------------------------------------------------------------------+---------+


+------------------------------------------------------------------------------------------------------------------------------+
; Port Connectivity Checks: "SistemaChocolate:SistemChocolate|SistemaCentral:Central|Selec_Bits:SeleccionadorBits|Mux4_1:Mux4" ;
+-----------+-------+----------+-----------------------------------------------------------------------------------------------+
; Port      ; Type  ; Severity ; Details                                                                                       ;
+-----------+-------+----------+-----------------------------------------------------------------------------------------------+
; in_mux[3] ; Input ; Info     ; Stuck at GND                                                                                  ;
+-----------+-------+----------+-----------------------------------------------------------------------------------------------+


+------------------------------------------------------------------------------------------------------------------------------+
; Port Connectivity Checks: "SistemaChocolate:SistemChocolate|SistemaCentral:Central|Selec_Bits:SeleccionadorBits|Mux4_1:Mux3" ;
+-----------+-------+----------+-----------------------------------------------------------------------------------------------+
; Port      ; Type  ; Severity ; Details                                                                                       ;
+-----------+-------+----------+-----------------------------------------------------------------------------------------------+
; in_mux[3] ; Input ; Info     ; Stuck at GND                                                                                  ;
+-----------+-------+----------+-----------------------------------------------------------------------------------------------+


+------------------------------------------------------------------------------------------------------------------------------+
; Port Connectivity Checks: "SistemaChocolate:SistemChocolate|SistemaCentral:Central|Selec_Bits:SeleccionadorBits|Mux4_1:Mux2" ;
+-----------+-------+----------+-----------------------------------------------------------------------------------------------+
; Port      ; Type  ; Severity ; Details                                                                                       ;
+-----------+-------+----------+-----------------------------------------------------------------------------------------------+
; in_mux[3] ; Input ; Info     ; Stuck at GND                                                                                  ;
+-----------+-------+----------+-----------------------------------------------------------------------------------------------+


+------------------------------------------------------------------------------------------------------------------------------+
; Port Connectivity Checks: "SistemaChocolate:SistemChocolate|SistemaCentral:Central|Selec_Bits:SeleccionadorBits|Mux4_1:Mux1" ;
+-----------+-------+----------+-----------------------------------------------------------------------------------------------+
; Port      ; Type  ; Severity ; Details                                                                                       ;
+-----------+-------+----------+-----------------------------------------------------------------------------------------------+
; in_mux[3] ; Input ; Info     ; Stuck at GND                                                                                  ;
+-----------+-------+----------+-----------------------------------------------------------------------------------------------+


+---------------------------------------------+
; Port Connectivity Checks: "Registro:Senso2" ;
+--------+-------+----------+-----------------+
; Port   ; Type  ; Severity ; Details         ;
+--------+-------+----------+-----------------+
; enable ; Input ; Info     ; Stuck at VCC    ;
+--------+-------+----------+-----------------+


+---------------------------------------------+
; Port Connectivity Checks: "Registro:Senso1" ;
+--------+-------+----------+-----------------+
; Port   ; Type  ; Severity ; Details         ;
+--------+-------+----------+-----------------+
; enable ; Input ; Info     ; Stuck at VCC    ;
+--------+-------+----------+-----------------+


+-----------------------------------------------------+
; Post-Synthesis Netlist Statistics for Top Partition ;
+-----------------------+-----------------------------+
; Type                  ; Count                       ;
+-----------------------+-----------------------------+
; boundary_port         ; 90                          ;
; cycloneiii_ff         ; 117                         ;
;     CLR               ; 43                          ;
;     ENA CLR           ; 74                          ;
; cycloneiii_lcell_comb ; 322                         ;
;     normal            ; 322                         ;
;         0 data inputs ; 1                           ;
;         1 data inputs ; 64                          ;
;         2 data inputs ; 40                          ;
;         3 data inputs ; 60                          ;
;         4 data inputs ; 157                         ;
;                       ;                             ;
; Max LUT depth         ; 14.00                       ;
; Average LUT depth     ; 4.63                        ;
+-----------------------+-----------------------------+


+-------------------------------+
; Elapsed Time Per Partition    ;
+----------------+--------------+
; Partition Name ; Elapsed Time ;
+----------------+--------------+
; Top            ; 00:00:01     ;
+----------------+--------------+


+-------------------------------+
; Analysis & Synthesis Messages ;
+-------------------------------+
Info: *******************************************************************
Info: Running Quartus Prime Analysis & Synthesis
    Info: Version 15.1.0 Build 185 10/21/2015 SJ Standard Edition
    Info: Processing started: Mon Oct 10 17:26:14 2016
Info: Command: quartus_map --read_settings_files=on --write_settings_files=off SistemaChocoIN -c SistemaChocoIN
Info (20030): Parallel compilation is enabled and will use 4 of the 4 processors detected
Info (12021): Found 2 design units, including 1 entities, in source file sistemachocoin.vhd
    Info (12022): Found design unit 1: SistemaChocoIN-SistemaChocoINArch File: C:/Users/estudiante/Documents/ChocolatesQuesoFinal/SistemaChocoIN/SistemaChocoIN.vhd Line: 66
    Info (12023): Found entity 1: SistemaChocoIN File: C:/Users/estudiante/Documents/ChocolatesQuesoFinal/SistemaChocoIN/SistemaChocoIN.vhd Line: 22
Info (12127): Elaborating entity "SistemaChocoIN" for the top level hierarchy
Warning (12125): Using design file registro.vhd, which is not specified as a design file for the current project, but contains definitions for 2 design units and 1 entities in project
    Info (12022): Found design unit 1: Registro-RegistroArch File: C:/Users/estudiante/Documents/ChocolatesQuesoFinal/SistemaChocoIN/registro.vhd Line: 33
    Info (12023): Found entity 1: Registro File: C:/Users/estudiante/Documents/ChocolatesQuesoFinal/SistemaChocoIN/registro.vhd Line: 22
Info (12128): Elaborating entity "Registro" for hierarchy "Registro:Senso1" File: C:/Users/estudiante/Documents/ChocolatesQuesoFinal/SistemaChocoIN/SistemaChocoIN.vhd Line: 141
Warning (12125): Using design file sistemachocolate.vhd, which is not specified as a design file for the current project, but contains definitions for 2 design units and 1 entities in project
    Info (12022): Found design unit 1: SistemaChocolate-SistemaChocolateArch File: C:/Users/estudiante/Documents/ChocolatesQuesoFinal/SistemaChocoIN/sistemachocolate.vhd Line: 64
    Info (12023): Found entity 1: SistemaChocolate File: C:/Users/estudiante/Documents/ChocolatesQuesoFinal/SistemaChocoIN/sistemachocolate.vhd Line: 22
Info (12128): Elaborating entity "SistemaChocolate" for hierarchy "SistemaChocolate:SistemChocolate" File: C:/Users/estudiante/Documents/ChocolatesQuesoFinal/SistemaChocoIN/SistemaChocoIN.vhd Line: 145
Warning (12125): Using design file sistemacentral.vhd, which is not specified as a design file for the current project, but contains definitions for 2 design units and 1 entities in project
    Info (12022): Found design unit 1: SistemaCentral-SistemaCentralArch File: C:/Users/estudiante/Documents/ChocolatesQuesoFinal/SistemaChocoIN/sistemacentral.vhd Line: 53
    Info (12023): Found entity 1: SistemaCentral File: C:/Users/estudiante/Documents/ChocolatesQuesoFinal/SistemaChocoIN/sistemacentral.vhd Line: 22
Info (12128): Elaborating entity "SistemaCentral" for hierarchy "SistemaChocolate:SistemChocolate|SistemaCentral:Central" File: C:/Users/estudiante/Documents/ChocolatesQuesoFinal/SistemaChocoIN/sistemachocolate.vhd Line: 165
Warning (12125): Using design file controlsc.vhd, which is not specified as a design file for the current project, but contains definitions for 2 design units and 1 entities in project
    Info (12022): Found design unit 1: ControlSC-ControlSCArch File: C:/Users/estudiante/Documents/ChocolatesQuesoFinal/SistemaChocoIN/controlsc.vhd Line: 50
    Info (12023): Found entity 1: ControlSC File: C:/Users/estudiante/Documents/ChocolatesQuesoFinal/SistemaChocoIN/controlsc.vhd Line: 22
Info (12128): Elaborating entity "ControlSC" for hierarchy "SistemaChocolate:SistemChocolate|SistemaCentral:Central|ControlSC:Control" File: C:/Users/estudiante/Documents/ChocolatesQuesoFinal/SistemaChocoIN/sistemacentral.vhd Line: 201
Warning (12125): Using design file sumador12.vhd, which is not specified as a design file for the current project, but contains definitions for 2 design units and 1 entities in project
    Info (12022): Found design unit 1: Sumador12-Sumador12Arch File: C:/Users/estudiante/Documents/ChocolatesQuesoFinal/SistemaChocoIN/sumador12.vhd Line: 31
    Info (12023): Found entity 1: Sumador12 File: C:/Users/estudiante/Documents/ChocolatesQuesoFinal/SistemaChocoIN/sumador12.vhd Line: 21
Info (12128): Elaborating entity "Sumador12" for hierarchy "SistemaChocolate:SistemChocolate|SistemaCentral:Central|Sumador12:SumadorGanancias" File: C:/Users/estudiante/Documents/ChocolatesQuesoFinal/SistemaChocoIN/sistemacentral.vhd Line: 202
Warning (12125): Using design file selec_nums.vhd, which is not specified as a design file for the current project, but contains definitions for 2 design units and 1 entities in project
    Info (12022): Found design unit 1: Selec_Nums-Selec_NumsArch File: C:/Users/estudiante/Documents/ChocolatesQuesoFinal/SistemaChocoIN/selec_nums.vhd Line: 42
    Info (12023): Found entity 1: Selec_Nums File: C:/Users/estudiante/Documents/ChocolatesQuesoFinal/SistemaChocoIN/selec_nums.vhd Line: 21
Info (12128): Elaborating entity "Selec_Nums" for hierarchy "SistemaChocolate:SistemChocolate|SistemaCentral:Central|Selec_Nums:SeleccionNumeros" File: C:/Users/estudiante/Documents/ChocolatesQuesoFinal/SistemaChocoIN/sistemacentral.vhd Line: 204
Warning (12125): Using design file mux6_1.vhd, which is not specified as a design file for the current project, but contains definitions for 2 design units and 1 entities in project
    Info (12022): Found design unit 1: Mux6_1-Mux6_1Arch File: C:/Users/estudiante/Documents/ChocolatesQuesoFinal/SistemaChocoIN/mux6_1.vhd Line: 32
    Info (12023): Found entity 1: Mux6_1 File: C:/Users/estudiante/Documents/ChocolatesQuesoFinal/SistemaChocoIN/mux6_1.vhd Line: 22
Info (12128): Elaborating entity "Mux6_1" for hierarchy "SistemaChocolate:SistemChocolate|SistemaCentral:Central|Selec_Nums:SeleccionNumeros|Mux6_1:Mux1" File: C:/Users/estudiante/Documents/ChocolatesQuesoFinal/SistemaChocoIN/selec_nums.vhd Line: 56
Warning (12125): Using design file selec_bits.vhd, which is not specified as a design file for the current project, but contains definitions for 2 design units and 1 entities in project
    Info (12022): Found design unit 1: Selec_Bits-Selec_BitsArch File: C:/Users/estudiante/Documents/ChocolatesQuesoFinal/SistemaChocoIN/selec_bits.vhd Line: 36
    Info (12023): Found entity 1: Selec_Bits File: C:/Users/estudiante/Documents/ChocolatesQuesoFinal/SistemaChocoIN/selec_bits.vhd Line: 21
Info (12128): Elaborating entity "Selec_Bits" for hierarchy "SistemaChocolate:SistemChocolate|SistemaCentral:Central|Selec_Bits:SeleccionadorBits" File: C:/Users/estudiante/Documents/ChocolatesQuesoFinal/SistemaChocoIN/sistemacentral.vhd Line: 205
Warning (12125): Using design file mux4_1.vhd, which is not specified as a design file for the current project, but contains definitions for 2 design units and 1 entities in project
    Info (12022): Found design unit 1: Mux4_1-Mux4_1Arch File: C:/Users/estudiante/Documents/ChocolatesQuesoFinal/SistemaChocoIN/mux4_1.vhd Line: 32
    Info (12023): Found entity 1: Mux4_1 File: C:/Users/estudiante/Documents/ChocolatesQuesoFinal/SistemaChocoIN/mux4_1.vhd Line: 22
Info (12128): Elaborating entity "Mux4_1" for hierarchy "SistemaChocolate:SistemChocolate|SistemaCentral:Central|Selec_Bits:SeleccionadorBits|Mux4_1:Mux1" File: C:/Users/estudiante/Documents/ChocolatesQuesoFinal/SistemaChocoIN/selec_bits.vhd Line: 50
Warning (12125): Using design file contanillo3.vhd, which is not specified as a design file for the current project, but contains definitions for 2 design units and 1 entities in project
    Info (12022): Found design unit 1: ContAnillo3-ContAnillo3Arch File: C:/Users/estudiante/Documents/ChocolatesQuesoFinal/SistemaChocoIN/contanillo3.vhd Line: 37
    Info (12023): Found entity 1: ContAnillo3 File: C:/Users/estudiante/Documents/ChocolatesQuesoFinal/SistemaChocoIN/contanillo3.vhd Line: 22
Info (12128): Elaborating entity "ContAnillo3" for hierarchy "SistemaChocolate:SistemChocolate|SistemaCentral:Central|ContAnillo3:ContadorCambio" File: C:/Users/estudiante/Documents/ChocolatesQuesoFinal/SistemaChocoIN/sistemacentral.vhd Line: 206
Warning (12125): Using design file binario_7seg.vhd, which is not specified as a design file for the current project, but contains definitions for 2 design units and 1 entities in project
    Info (12022): Found design unit 1: Binario_7Seg-Binario_7SegArch File: C:/Users/estudiante/Documents/ChocolatesQuesoFinal/SistemaChocoIN/binario_7seg.vhd Line: 38
    Info (12023): Found entity 1: Binario_7Seg File: C:/Users/estudiante/Documents/ChocolatesQuesoFinal/SistemaChocoIN/binario_7seg.vhd Line: 23
Info (12128): Elaborating entity "Binario_7Seg" for hierarchy "SistemaChocolate:SistemChocolate|SistemaCentral:Central|Binario_7Seg:BinarioSieteSegmentos" File: C:/Users/estudiante/Documents/ChocolatesQuesoFinal/SistemaChocoIN/sistemacentral.vhd Line: 207
Warning (12125): Using design file registrotres.vhd, which is not specified as a design file for the current project, but contains definitions for 2 design units and 1 entities in project
    Info (12022): Found design unit 1: RegistroTres-RegistroTresArch File: C:/Users/estudiante/Documents/ChocolatesQuesoFinal/SistemaChocoIN/registrotres.vhd Line: 33
    Info (12023): Found entity 1: RegistroTres File: C:/Users/estudiante/Documents/ChocolatesQuesoFinal/SistemaChocoIN/registrotres.vhd Line: 22
Info (12128): Elaborating entity "RegistroTres" for hierarchy "SistemaChocolate:SistemChocolate|SistemaCentral:Central|RegistroTres:RegistroChocolate" File: C:/Users/estudiante/Documents/ChocolatesQuesoFinal/SistemaChocoIN/sistemacentral.vhd Line: 208
Warning (12125): Using design file sistemabrazo.vhd, which is not specified as a design file for the current project, but contains definitions for 2 design units and 1 entities in project
    Info (12022): Found design unit 1: SistemaBrazo-SistemaBrazoArch File: C:/Users/estudiante/Documents/ChocolatesQuesoFinal/SistemaChocoIN/sistemabrazo.vhd Line: 55
    Info (12023): Found entity 1: SistemaBrazo File: C:/Users/estudiante/Documents/ChocolatesQuesoFinal/SistemaChocoIN/sistemabrazo.vhd Line: 22
Info (12128): Elaborating entity "SistemaBrazo" for hierarchy "SistemaChocolate:SistemChocolate|SistemaBrazo:Brazo1" File: C:/Users/estudiante/Documents/ChocolatesQuesoFinal/SistemaChocoIN/sistemachocolate.vhd Line: 166
Warning (12125): Using design file controlbrazo.vhd, which is not specified as a design file for the current project, but contains definitions for 2 design units and 1 entities in project
    Info (12022): Found design unit 1: ControlBrazo-ControlBrazoArch File: C:/Users/estudiante/Documents/ChocolatesQuesoFinal/SistemaChocoIN/controlbrazo.vhd Line: 59
    Info (12023): Found entity 1: ControlBrazo File: C:/Users/estudiante/Documents/ChocolatesQuesoFinal/SistemaChocoIN/controlbrazo.vhd Line: 22
Info (12128): Elaborating entity "ControlBrazo" for hierarchy "SistemaChocolate:SistemChocolate|SistemaBrazo:Brazo1|ControlBrazo:ControlTotal" File: C:/Users/estudiante/Documents/ChocolatesQuesoFinal/SistemaChocoIN/sistemabrazo.vhd Line: 210
Warning (12125): Using design file cont5.vhd, which is not specified as a design file for the current project, but contains definitions for 2 design units and 1 entities in project
    Info (12022): Found design unit 1: Cont5-Cont5Arch File: C:/Users/estudiante/Documents/ChocolatesQuesoFinal/SistemaChocoIN/cont5.vhd Line: 32
    Info (12023): Found entity 1: Cont5 File: C:/Users/estudiante/Documents/ChocolatesQuesoFinal/SistemaChocoIN/cont5.vhd Line: 22
Info (12128): Elaborating entity "Cont5" for hierarchy "SistemaChocolate:SistemChocolate|SistemaBrazo:Brazo1|Cont5:ContadorCantidad" File: C:/Users/estudiante/Documents/ChocolatesQuesoFinal/SistemaChocoIN/sistemabrazo.vhd Line: 211
Warning (12125): Using design file contadortg.vhd, which is not specified as a design file for the current project, but contains definitions for 2 design units and 1 entities in project
    Info (12022): Found design unit 1: ContadorTG-ContadorTGArch File: C:/Users/estudiante/Documents/ChocolatesQuesoFinal/SistemaChocoIN/contadortg.vhd Line: 35
    Info (12023): Found entity 1: ContadorTG File: C:/Users/estudiante/Documents/ChocolatesQuesoFinal/SistemaChocoIN/contadortg.vhd Line: 22
Info (12128): Elaborating entity "ContadorTG" for hierarchy "SistemaChocolate:SistemChocolate|SistemaBrazo:Brazo1|ContadorTG:ContadorGrande" File: C:/Users/estudiante/Documents/ChocolatesQuesoFinal/SistemaChocoIN/sistemabrazo.vhd Line: 213
Warning (12125): Using design file contadortm.vhd, which is not specified as a design file for the current project, but contains definitions for 2 design units and 1 entities in project
    Info (12022): Found design unit 1: ContadorTM-ContadorTMArch File: C:/Users/estudiante/Documents/ChocolatesQuesoFinal/SistemaChocoIN/contadortm.vhd Line: 35
    Info (12023): Found entity 1: ContadorTM File: C:/Users/estudiante/Documents/ChocolatesQuesoFinal/SistemaChocoIN/contadortm.vhd Line: 22
Info (12128): Elaborating entity "ContadorTM" for hierarchy "SistemaChocolate:SistemChocolate|SistemaBrazo:Brazo1|ContadorTM:ContadorMediano" File: C:/Users/estudiante/Documents/ChocolatesQuesoFinal/SistemaChocoIN/sistemabrazo.vhd Line: 214
Warning (12125): Using design file contadortp.vhd, which is not specified as a design file for the current project, but contains definitions for 2 design units and 1 entities in project
    Info (12022): Found design unit 1: ContadorTP-ContadorTPArch File: C:/Users/estudiante/Documents/ChocolatesQuesoFinal/SistemaChocoIN/contadortp.vhd Line: 35
    Info (12023): Found entity 1: ContadorTP File: C:/Users/estudiante/Documents/ChocolatesQuesoFinal/SistemaChocoIN/contadortp.vhd Line: 22
Info (12128): Elaborating entity "ContadorTP" for hierarchy "SistemaChocolate:SistemChocolate|SistemaBrazo:Brazo1|ContadorTP:ContadorPequeno" File: C:/Users/estudiante/Documents/ChocolatesQuesoFinal/SistemaChocoIN/sistemabrazo.vhd Line: 215
Warning (12125): Using design file registro12p.vhd, which is not specified as a design file for the current project, but contains definitions for 2 design units and 1 entities in project
    Info (12022): Found design unit 1: Registro12P-Registro12PArch File: C:/Users/estudiante/Documents/ChocolatesQuesoFinal/SistemaChocoIN/registro12p.vhd Line: 33
    Info (12023): Found entity 1: Registro12P File: C:/Users/estudiante/Documents/ChocolatesQuesoFinal/SistemaChocoIN/registro12p.vhd Line: 22
Info (12128): Elaborating entity "Registro12P" for hierarchy "SistemaChocolate:SistemChocolate|SistemaBrazo:Brazo1|Registro12P:RegistroGanancias" File: C:/Users/estudiante/Documents/ChocolatesQuesoFinal/SistemaChocoIN/sistemabrazo.vhd Line: 219
Warning (12125): Using design file entradaserial.vhd, which is not specified as a design file for the current project, but contains definitions for 2 design units and 1 entities in project
    Info (12022): Found design unit 1: EntradaSerial-entrada_serial_arch File: C:/Users/estudiante/Documents/ChocolatesQuesoFinal/SistemaChocoIN/entradaserial.vhd Line: 11
    Info (12023): Found entity 1: EntradaSerial File: C:/Users/estudiante/Documents/ChocolatesQuesoFinal/SistemaChocoIN/entradaserial.vhd Line: 6
Info (12128): Elaborating entity "EntradaSerial" for hierarchy "EntradaSerial:EntradaPrecio" File: C:/Users/estudiante/Documents/ChocolatesQuesoFinal/SistemaChocoIN/SistemaChocoIN.vhd Line: 172
Info (13000): Registers with preset signals will power-up high File: C:/Users/estudiante/Documents/ChocolatesQuesoFinal/SistemaChocoIN/contanillo3.vhd Line: 60
Info (13003): DEV_CLRn pin will set, and not reset, register with preset signal due to NOT Gate Push-Back
Warning (13024): Output pins are stuck at VCC or GND
    Warning (13410): Pin "SalidaPrecioChocolate[11]" is stuck at GND File: C:/Users/estudiante/Documents/ChocolatesQuesoFinal/SistemaChocoIN/SistemaChocoIN.vhd Line: 44
    Warning (13410): Pin "SalidaPrecioChocolate[10]" is stuck at GND File: C:/Users/estudiante/Documents/ChocolatesQuesoFinal/SistemaChocoIN/SistemaChocoIN.vhd Line: 44
    Warning (13410): Pin "SalidaPrecioChocolate[9]" is stuck at GND File: C:/Users/estudiante/Documents/ChocolatesQuesoFinal/SistemaChocoIN/SistemaChocoIN.vhd Line: 44
    Warning (13410): Pin "SalidaPrecioChocolate[8]" is stuck at GND File: C:/Users/estudiante/Documents/ChocolatesQuesoFinal/SistemaChocoIN/SistemaChocoIN.vhd Line: 44
    Warning (13410): Pin "SalidaPrecioChocolate[7]" is stuck at GND File: C:/Users/estudiante/Documents/ChocolatesQuesoFinal/SistemaChocoIN/SistemaChocoIN.vhd Line: 44
    Warning (13410): Pin "SalidaPrecioChocolate[6]" is stuck at GND File: C:/Users/estudiante/Documents/ChocolatesQuesoFinal/SistemaChocoIN/SistemaChocoIN.vhd Line: 44
    Warning (13410): Pin "SalidaPrecioChocolate[5]" is stuck at GND File: C:/Users/estudiante/Documents/ChocolatesQuesoFinal/SistemaChocoIN/SistemaChocoIN.vhd Line: 44
    Warning (13410): Pin "SalidaPrecioChocolate[4]" is stuck at GND File: C:/Users/estudiante/Documents/ChocolatesQuesoFinal/SistemaChocoIN/SistemaChocoIN.vhd Line: 44
    Warning (13410): Pin "SalidaPrecioChocolate[3]" is stuck at GND File: C:/Users/estudiante/Documents/ChocolatesQuesoFinal/SistemaChocoIN/SistemaChocoIN.vhd Line: 44
    Warning (13410): Pin "EstadosSC[0]" is stuck at GND File: C:/Users/estudiante/Documents/ChocolatesQuesoFinal/SistemaChocoIN/SistemaChocoIN.vhd Line: 54
    Warning (13410): Pin "EstadosBrazo1[0]" is stuck at GND File: C:/Users/estudiante/Documents/ChocolatesQuesoFinal/SistemaChocoIN/SistemaChocoIN.vhd Line: 55
    Warning (13410): Pin "EstadosBrazo2[0]" is stuck at GND File: C:/Users/estudiante/Documents/ChocolatesQuesoFinal/SistemaChocoIN/SistemaChocoIN.vhd Line: 56
Info (286030): Timing-Driven Synthesis is running
Info (16010): Generating hard_block partition "hard_block:auto_generated_inst"
    Info (16011): Adding 0 node(s), including 0 DDIO, 0 PLL, 0 transceiver and 0 LCELL
Info (21057): Implemented 407 device resources after synthesis - the final resource count might be different
    Info (21058): Implemented 17 input pins
    Info (21059): Implemented 73 output pins
    Info (21061): Implemented 317 logic cells
Info: Quartus Prime Analysis & Synthesis was successful. 0 errors, 33 warnings
    Info: Peak virtual memory: 861 megabytes
    Info: Processing ended: Mon Oct 10 17:26:46 2016
    Info: Elapsed time: 00:00:32
    Info: Total CPU time (on all processors): 00:00:24


