Flow report for ProcesadorTotal
Fri Jun 02 00:36:10 2017
Quartus Prime Version 16.0.0 Build 211 04/27/2016 SJ Lite Edition


---------------------
; Table of Contents ;
---------------------
  1. Legal Notice
  2. Flow Summary
  3. Flow Settings
  4. Flow Non-Default Global Settings
  5. Flow Elapsed Time
  6. Flow OS Summary
  7. Flow Log
  8. Flow Messages
  9. Flow Suppressed Messages



----------------
; Legal Notice ;
----------------
Copyright (C) 1991-2016 Altera Corporation. All rights reserved.
Your use of Altera Corporation's design tools, logic functions 
and other software and tools, and its AMPP partner logic 
functions, and any output files from any of the foregoing 
(including device programming or simulation files), and any 
associated documentation or information are expressly subject 
to the terms and conditions of the Altera Program License 
Subscription Agreement, the Altera Quartus Prime License Agreement,
the Altera MegaCore Function License Agreement, or other 
applicable license agreement, including, without limitation, 
that your use is for the sole purpose of programming logic 
devices manufactured by Altera and sold by Altera or its 
authorized distributors.  Please refer to the applicable 
agreement for further details.



+----------------------------------------------------------------------------------+
; Flow Summary                                                                     ;
+------------------------------------+---------------------------------------------+
; Flow Status                        ; Successful - Fri Jun 02 00:36:10 2017       ;
; Quartus Prime Version              ; 16.0.0 Build 211 04/27/2016 SJ Lite Edition ;
; Revision Name                      ; ProcesadorTotal                             ;
; Top-level Entity Name              ; ProcesadorTotal                             ;
; Family                             ; Cyclone IV E                                ;
; Device                             ; EP4CE15F17C8L                               ;
; Timing Models                      ; Final                                       ;
; Total logic elements               ; 578 / 15,408 ( 4 % )                        ;
;     Total combinational functions  ; 553 / 15,408 ( 4 % )                        ;
;     Dedicated logic registers      ; 203 / 15,408 ( 1 % )                        ;
; Total registers                    ; 203                                         ;
; Total pins                         ; 143 / 166 ( 86 % )                          ;
; Total virtual pins                 ; 0                                           ;
; Total memory bits                  ; 16,384 / 516,096 ( 3 % )                    ;
; Embedded Multiplier 9-bit elements ; 0 / 112 ( 0 % )                             ;
; Total PLLs                         ; 0 / 4 ( 0 % )                               ;
+------------------------------------+---------------------------------------------+


+-----------------------------------------+
; Flow Settings                           ;
+-------------------+---------------------+
; Option            ; Setting             ;
+-------------------+---------------------+
; Start date & time ; 06/02/2017 00:34:08 ;
; Main task         ; Compilation         ;
; Revision Name     ; ProcesadorTotal     ;
+-------------------+---------------------+


+---------------------------------------------------------------------------------------------------------------------+
; Flow Non-Default Global Settings                                                                                    ;
+-------------------------------------+--------------------------------+---------------+-------------+----------------+
; Assignment Name                     ; Value                          ; Default Value ; Entity Name ; Section Id     ;
+-------------------------------------+--------------------------------+---------------+-------------+----------------+
; COMPILER_SIGNATURE_ID               ; 38172659780508.149638164802604 ; --            ; --          ; --             ;
; EDA_OUTPUT_DATA_FORMAT              ; Verilog Hdl                    ; --            ; --          ; eda_simulation ;
; EDA_SIMULATION_TOOL                 ; ModelSim-Altera (Verilog)      ; <None>        ; --          ; --             ;
; EDA_TIME_SCALE                      ; 1 ps                           ; --            ; --          ; eda_simulation ;
; MAX_CORE_JUNCTION_TEMP              ; 85                             ; --            ; --          ; --             ;
; MIN_CORE_JUNCTION_TEMP              ; 0                              ; --            ; --          ; --             ;
; PARTITION_COLOR                     ; 16764057                       ; --            ; --          ; Top            ;
; PARTITION_FITTER_PRESERVATION_LEVEL ; PLACEMENT_AND_ROUTING          ; --            ; --          ; Top            ;
; PARTITION_NETLIST_TYPE              ; SOURCE                         ; --            ; --          ; Top            ;
; PROJECT_OUTPUT_DIRECTORY            ; output_files                   ; --            ; --          ; --             ;
+-------------------------------------+--------------------------------+---------------+-------------+----------------+


+-------------------------------------------------------------------------------------------------------------------------------+
; Flow Elapsed Time                                                                                                             ;
+---------------------------+--------------+-------------------------+---------------------+------------------------------------+
; Module Name               ; Elapsed Time ; Average Processors Used ; Peak Virtual Memory ; Total CPU Time (on all processors) ;
+---------------------------+--------------+-------------------------+---------------------+------------------------------------+
; Analysis & Synthesis      ; 00:00:36     ; 1.0                     ; 888 MB              ; 00:00:48                           ;
; Fitter                    ; 00:00:27     ; 1.0                     ; 1122 MB             ; 00:00:26                           ;
; Assembler                 ; 00:00:03     ; 1.0                     ; 739 MB              ; 00:00:02                           ;
; TimeQuest Timing Analyzer ; 00:00:07     ; 1.0                     ; 806 MB              ; 00:00:06                           ;
; EDA Netlist Writer        ; 00:00:04     ; 1.0                     ; 723 MB              ; 00:00:03                           ;
; EDA Netlist Writer        ; 00:00:01     ; 1.0                     ; 691 MB              ; 00:00:01                           ;
; EDA Netlist Writer        ; 00:00:01     ; 1.0                     ; 704 MB              ; 00:00:01                           ;
; Total                     ; 00:01:19     ; --                      ; --                  ; 00:01:27                           ;
+---------------------------+--------------+-------------------------+---------------------+------------------------------------+


+----------------------------------------------------------------------------------------+
; Flow OS Summary                                                                        ;
+---------------------------+------------------+-----------+------------+----------------+
; Module Name               ; Machine Hostname ; OS Name   ; OS Version ; Processor type ;
+---------------------------+------------------+-----------+------------+----------------+
; Analysis & Synthesis      ; SAMSUNG-PC       ; Windows 7 ; 6.1        ; x86_64         ;
; Fitter                    ; SAMSUNG-PC       ; Windows 7 ; 6.1        ; x86_64         ;
; Assembler                 ; SAMSUNG-PC       ; Windows 7 ; 6.1        ; x86_64         ;
; TimeQuest Timing Analyzer ; SAMSUNG-PC       ; Windows 7 ; 6.1        ; x86_64         ;
; EDA Netlist Writer        ; SAMSUNG-PC       ; Windows 7 ; 6.1        ; x86_64         ;
; EDA Netlist Writer        ; SAMSUNG-PC       ; Windows 7 ; 6.1        ; x86_64         ;
; EDA Netlist Writer        ; SAMSUNG-PC       ; Windows 7 ; 6.1        ; x86_64         ;
+---------------------------+------------------+-----------+------------+----------------+


------------
; Flow Log ;
------------
quartus_map --read_settings_files=on --write_settings_files=off ProcesadorTotal -c ProcesadorTotal
quartus_fit --read_settings_files=off --write_settings_files=off ProcesadorTotal -c ProcesadorTotal
quartus_asm --read_settings_files=off --write_settings_files=off ProcesadorTotal -c ProcesadorTotal
quartus_sta ProcesadorTotal -c ProcesadorTotal
quartus_eda --read_settings_files=off --write_settings_files=off ProcesadorTotal -c ProcesadorTotal
quartus_eda --gen_testbench --tool=modelsim_oem --format=verilog --write_settings_files=off ProcesadorTotal -c ProcesadorTotal --vector_source="C:/Users/SAMSUNG/Google Drive/Universidad/Arquitectura de Procesadores/ProcesadorFinalArqui/SimulacionPrograma.vwf" --testbench_file="C:/Users/SAMSUNG/Google Drive/Universidad/Arquitectura de Procesadores/ProcesadorFinalArqui/simulation/qsim/SimulacionPrograma.vwf.vt"
quartus_eda --write_settings_files=off --functional=on --flatten_buses=off --simulation=on --tool=modelsim_oem --format=verilog --output_directory="C:/Users/SAMSUNG/Google Drive/Universidad/Arquitectura de Procesadores/ProcesadorFinalArqui/simulation/qsim/" ProcesadorTotal -c ProcesadorTotal



